<?xml version="1.0" encoding="UTF-8"?>
<testsuite name="com.kodilla.stream.array.ArrayOperationsTestSuite" tests="1" skipped="0" failures="0" errors="0" timestamp="2018-06-04T12:53:41" hostname="PL2054956W1" time="0.022">
  <properties/>
  <testcase name="testGetAverage" classname="com.kodilla.stream.array.ArrayOperationsTestSuite" time="0.022"/>
  <system-out><![CDATA[3
5
7
9
11
13
15
17
19
21
23
25
27
29
31
33
35
37
39
41
]]></system-out>
  <system-err><![CDATA[]]></system-err>
</testsuite>
