<?xml version="1.0" encoding="UTF-8"?>
<testsuite name="com.kodilla.stream.book.BookTestSuite" tests="2" skipped="0" failures="0" errors="0" timestamp="2018-06-04T12:53:41" hostname="PL2054956W1" time="0.01">
  <properties/>
  <testcase name="testGetListUsingFor" classname="com.kodilla.stream.book.BookTestSuite" time="0.004"/>
  <testcase name="testGetListUsingIntStream" classname="com.kodilla.stream.book.BookTestSuite" time="0.006"/>
  <system-out><![CDATA[]]></system-out>
  <system-err><![CDATA[]]></system-err>
</testsuite>
