<?xml version="1.0" encoding="UTF-8"?>
<testsuite name="com.kodilla.testing.forum.statistics.ForumStatisticsTestSuite" tests="5" skipped="0" failures="0" errors="0" timestamp="2018-06-09T12:44:44" hostname="PL2054956W1" time="0.194">
  <properties/>
  <testcase name="testCalculateStatisticsWithMock1" classname="com.kodilla.testing.forum.statistics.ForumStatisticsTestSuite" time="0.186"/>
  <testcase name="testCalculateStatisticsWithMock2" classname="com.kodilla.testing.forum.statistics.ForumStatisticsTestSuite" time="0.002"/>
  <testcase name="testCalculateStatisticsWithMock3" classname="com.kodilla.testing.forum.statistics.ForumStatisticsTestSuite" time="0.001"/>
  <testcase name="testCalculateStatisticsWithMock4" classname="com.kodilla.testing.forum.statistics.ForumStatisticsTestSuite" time="0.002"/>
  <testcase name="testCalculateStatisticsWithMock5" classname="com.kodilla.testing.forum.statistics.ForumStatisticsTestSuite" time="0.001"/>
  <system-out><![CDATA[Preparing to execute test #1
Average posts per one user equlas: 0.0
Average comments per one user equals: 0.0
Average comments per one posts euqls: 0.0
Test #1 completed

Preparing to execute test #2
Average posts per one user equlas: 10.0
Average comments per one user equals: 10.0
Average comments per one posts euqls: 1.0
Test #2 completed

Preparing to execute test #3
Average posts per one user equlas: 10.0
Average comments per one user equals: 50.0
Average comments per one posts euqls: 5.0
Test #3 completed

Preparing to execute test #4
Average posts per one user equlas: 100.0
Average comments per one user equals: 50.0
Average comments per one posts euqls: 0.5
Test #4 completed

Preparing to execute test #5
Average posts per one user equlas: 6.0236220472440944
Average comments per one user equals: 21.88976377952756
Average comments per one posts euqls: 3.633986928104575
Test #5 completed

]]></system-out>
  <system-err><![CDATA[]]></system-err>
</testsuite>
