<?xml version="1.0" encoding="UTF-8"?>
<testsuite name="com.kodilla.testing.shape.ShapeCollectorTestSuite" tests="6" skipped="0" failures="0" errors="0" timestamp="2018-06-02T13:40:48" hostname="PL2054956W1" time="0.011">
  <properties/>
  <testcase name="testGetField" classname="com.kodilla.testing.shape.ShapeCollectorTestSuite" time="0.007"/>
  <testcase name="testShowFigures" classname="com.kodilla.testing.shape.ShapeCollectorTestSuite" time="0.0"/>
  <testcase name="testGetShapeName" classname="com.kodilla.testing.shape.ShapeCollectorTestSuite" time="0.0"/>
  <testcase name="testRemoveFigure" classname="com.kodilla.testing.shape.ShapeCollectorTestSuite" time="0.001"/>
  <testcase name="testAddFigure" classname="com.kodilla.testing.shape.ShapeCollectorTestSuite" time="0.0"/>
  <testcase name="testGetFigure" classname="com.kodilla.testing.shape.ShapeCollectorTestSuite" time="0.0"/>
  <system-out><![CDATA[This is the beginning of tests.
Preparing to execute test #1
Test #1 completed
Preparing to execute test #2
Test #2 completed
Preparing to execute test #3
Test #3 completed
Preparing to execute test #4
Test #4 completed
Preparing to execute test #5
Test #5 completed
Preparing to execute test #6
Test #6 completed
All tests are finished.
]]></system-out>
  <system-err><![CDATA[]]></system-err>
</testsuite>
